D:\CODEBIN\VCNOPENGL\PROJECT\RAYTRACERCB\RAYTRACER\DEBUG\COLOR.OBJ
D:\CODEBIN\VCNOPENGL\PROJECT\RAYTRACERCB\RAYTRACER\DEBUG\GEOMETRY.OBJ
D:\CODEBIN\VCNOPENGL\PROJECT\RAYTRACERCB\RAYTRACER\DEBUG\GLROUTINE.OBJ
D:\CODEBIN\VCNOPENGL\PROJECT\RAYTRACERCB\RAYTRACER\DEBUG\GLUTROUTINE.OBJ
D:\CODEBIN\VCNOPENGL\PROJECT\RAYTRACERCB\RAYTRACER\DEBUG\INPUT.OBJ
D:\CODEBIN\VCNOPENGL\PROJECT\RAYTRACERCB\RAYTRACER\DEBUG\LIGHT.OBJ
D:\CODEBIN\VCNOPENGL\PROJECT\RAYTRACERCB\RAYTRACER\DEBUG\MAIN.OBJ
D:\CODEBIN\VCNOPENGL\PROJECT\RAYTRACERCB\RAYTRACER\DEBUG\RAY.OBJ
D:\CODEBIN\VCNOPENGL\PROJECT\RAYTRACERCB\RAYTRACER\DEBUG\RTROUTINE.OBJ
D:\CODEBIN\VCNOPENGL\PROJECT\RAYTRACERCB\RAYTRACER\DEBUG\SCENE.OBJ
D:\CODEBIN\VCNOPENGL\PROJECT\RAYTRACERCB\RAYTRACER\DEBUG\SPHERE.OBJ
D:\CODEBIN\VCNOPENGL\PROJECT\RAYTRACERCB\RAYTRACER\DEBUG\WINGED.OBJ
D:\CODEBIN\VCNOPENGL\PROJECT\RAYTRACERCB\RAYTRACER\DEBUG\VC110.PDB
D:\CODEBIN\VCNOPENGL\PROJECT\RAYTRACERCB\RAYTRACER\DEBUG\TEMPRT.ILK
D:\CODEBIN\VCNOPENGL\PROJECT\RAYTRACERCB\RAYTRACER\DEBUG\TEMPRT.EXE
D:\CODEBIN\VCNOPENGL\PROJECT\RAYTRACERCB\RAYTRACER\DEBUG\TEMPRT.PDB
D:\codebin\VCnOpenGL\Project\RaytracerCB\Raytracer\Debug\color.obj
D:\codebin\VCnOpenGL\Project\RaytracerCB\Raytracer\Debug\geometry.obj
D:\codebin\VCnOpenGL\Project\RaytracerCB\Raytracer\Debug\glRoutine.obj
D:\codebin\VCnOpenGL\Project\RaytracerCB\Raytracer\Debug\glutRoutine.obj
D:\codebin\VCnOpenGL\Project\RaytracerCB\Raytracer\Debug\input.obj
D:\codebin\VCnOpenGL\Project\RaytracerCB\Raytracer\Debug\light.obj
D:\codebin\VCnOpenGL\Project\RaytracerCB\Raytracer\Debug\main.obj
D:\codebin\VCnOpenGL\Project\RaytracerCB\Raytracer\Debug\ray.obj
D:\codebin\VCnOpenGL\Project\RaytracerCB\Raytracer\Debug\rtRoutine.obj
D:\codebin\VCnOpenGL\Project\RaytracerCB\Raytracer\Debug\scene.obj
D:\codebin\VCnOpenGL\Project\RaytracerCB\Raytracer\Debug\sphere.obj
D:\codebin\VCnOpenGL\Project\RaytracerCB\Raytracer\Debug\winged.obj
D:\codebin\VCnOpenGL\Project\RaytracerCB\Raytracer\Debug\tempRT.ilk
D:\codebin\VCnOpenGL\Project\RaytracerCB\Raytracer\Debug\cl.command.1.tlog
D:\codebin\VCnOpenGL\Project\RaytracerCB\Raytracer\Debug\CL.read.1.tlog
D:\codebin\VCnOpenGL\Project\RaytracerCB\Raytracer\Debug\CL.write.1.tlog
D:\codebin\VCnOpenGL\Project\RaytracerCB\Raytracer\Debug\link-cvtres.read.1.tlog
D:\codebin\VCnOpenGL\Project\RaytracerCB\Raytracer\Debug\link-cvtres.write.1.tlog
D:\codebin\VCnOpenGL\Project\RaytracerCB\Raytracer\Debug\link-rc.read.1.tlog
D:\codebin\VCnOpenGL\Project\RaytracerCB\Raytracer\Debug\link-rc.write.1.tlog
D:\codebin\VCnOpenGL\Project\RaytracerCB\Raytracer\Debug\link.command.1.tlog
D:\codebin\VCnOpenGL\Project\RaytracerCB\Raytracer\Debug\link.read.1.tlog
D:\codebin\VCnOpenGL\Project\RaytracerCB\Raytracer\Debug\link.write.1.tlog
D:\codebin\VCnOpenGL\Project\RaytracerCB\Raytracer\Debug\vc110.idb
D:\codebin\VCnOpenGL\Project\RaytracerCB\Raytracer\Debug\tempRT.pdb
D:\codebin\VCnOpenGL\Project\RaytracerCB\Raytracer\Debug\vc110.pdb
D:\codebin\VCnOpenGL\Project\RaytracerCB\Raytracer\Debug\tempRT.exe
